\BOOKMARK [0][-]{chapter*.1}{Indice}{}% 1
\BOOKMARK [0][-]{chapter.1}{Introduzione}{}% 2
\BOOKMARK [1][-]{section.1.1}{}{chapter.1}% 3
\BOOKMARK [1][-]{section.1.2}{}{chapter.1}% 4
\BOOKMARK [1][-]{section.1.3}{Organizzazione Relazione}{chapter.1}% 5
\BOOKMARK [0][-]{chapter.2}{Basi di Partenza}{}% 6
\BOOKMARK [1][-]{section.2.1}{Scelta del tirocinio}{chapter.2}% 7
\BOOKMARK [1][-]{section.2.2}{Preparazione autonoma}{chapter.2}% 8
\BOOKMARK [0][-]{chapter.3}{Tecnologie utilizzate}{}% 9
\BOOKMARK [1][-]{section.3.1}{Golang}{chapter.3}% 10
\BOOKMARK [1][-]{section.3.2}{Opentracing}{chapter.3}% 11
\BOOKMARK [2][-]{subsection.3.2.1}{Span}{section.3.2}% 12
\BOOKMARK [2][-]{subsection.3.2.2}{Trace}{section.3.2}% 13
\BOOKMARK [1][-]{section.3.3}{Jaeger}{chapter.3}% 14
\BOOKMARK [1][-]{section.3.4}{Go kit}{chapter.3}% 15
\BOOKMARK [1][-]{section.3.5}{Gogs}{chapter.3}% 16
\BOOKMARK [1][-]{section.3.6}{Docker}{chapter.3}% 17
\BOOKMARK [1][-]{section.3.7}{Easyredmine}{chapter.3}% 18
\BOOKMARK [1][-]{section.3.8}{Rabbit Message Queue}{chapter.3}% 19
\BOOKMARK [1][-]{section.3.9}{Zerynth Device Manager}{chapter.3}% 20
\BOOKMARK [0][-]{chapter.4}{Architettura generale del sistema di tracing}{}% 21
\BOOKMARK [1][-]{section.4.1}{Main dei servizi e Client Jaeger}{chapter.4}% 22
\BOOKMARK [1][-]{section.4.2}{Tracing di richieste http}{chapter.4}% 23
\BOOKMARK [2][-]{subsection.4.2.1}{Tracing del client Http}{section.4.2}% 24
\BOOKMARK [2][-]{subsection.4.2.2}{Tracing del server Http}{section.4.2}% 25
\BOOKMARK [1][-]{section.4.3}{Tracing di scambio di messaggi RMQ}{chapter.4}% 26
\BOOKMARK [2][-]{subsection.4.3.1}{Tracing del Publisher}{section.4.3}% 27
\BOOKMARK [2][-]{subsection.4.3.2}{Tracing del Subscriber}{section.4.3}% 28
\BOOKMARK [1][-]{section.4.4}{Tracing di richieste ai Database}{chapter.4}% 29
\BOOKMARK [0][-]{chapter.5}{Lavoro svolto}{}% 30
\BOOKMARK [1][-]{section.5.1}{Primo sprint}{chapter.5}% 31
\BOOKMARK [1][-]{section.5.2}{Secondo sprint}{chapter.5}% 32
\BOOKMARK [2][-]{subsection.5.2.1}{Impostazioni del client Jaeger}{section.5.2}% 33
\BOOKMARK [2][-]{subsection.5.2.2}{Tracing di richieste HTTP}{section.5.2}% 34
\BOOKMARK [2][-]{subsection.5.2.3}{Tracing di scambio di messaggi RMQ}{section.5.2}% 35
\BOOKMARK [1][-]{section.5.3}{Terzo sprint}{chapter.5}% 36
\BOOKMARK [2][-]{subsection.5.3.1}{Tracing delle richieste ai database}{section.5.3}% 37
\BOOKMARK [2][-]{subsection.5.3.2}{Implementazione del tracing per altri micro servizi}{section.5.3}% 38
\BOOKMARK [2][-]{subsection.5.3.3}{Riquadro 1}{section.5.3}% 39
\BOOKMARK [2][-]{subsection.5.3.4}{Riquadro 2}{section.5.3}% 40
\BOOKMARK [2][-]{subsection.5.3.5}{Riquadro 3}{section.5.3}% 41
\BOOKMARK [1][-]{section.5.4}{Quarto sprint}{chapter.5}% 42
\BOOKMARK [2][-]{subsection.5.4.1}{Documentazione}{section.5.4}% 43
\BOOKMARK [2][-]{subsection.5.4.2}{Refactoring}{section.5.4}% 44
\BOOKMARK [2][-]{subsection.5.4.3}{Testing}{section.5.4}% 45
\BOOKMARK [0][-]{chapter.6}{Conclusione}{}% 46
\BOOKMARK [1][-]{section.6.1}{Skill acquisite}{chapter.6}% 47
\BOOKMARK [1][-]{section.6.2}{Commenti sull'Ambiente Lavorativo}{chapter.6}% 48
\BOOKMARK [1][-]{section.6.3}{Raggiungimento dell' obbiettivo e commenti sul lavoro svolto}{chapter.6}% 49
\BOOKMARK [0][-]{appendix*.22}{Bibliografia}{}% 50
